# Website Change Log
# Format: [TIMESTAMP] [URL] - [SUMMARY OF CHANGES]

[2024-12-15 10:30:00] /robots.txt - Created robots.txt file to disallow crawling of /logs/ and /prompt/ directories
[2024-12-15 10:30:00] /hp-1.html - Created Tech News Hub page with links to 5 article pages
[2024-12-15 10:30:00] /hp-2.html - Created Business News Hub page with links to 5 article pages
[2024-12-15 10:30:00] /a-1.html - Created article about Revolutionary AI Breakthrough
[2024-12-15 10:30:00] /a-2.html - Created article about Quantum Computing Milestone
[2024-12-15 10:30:00] /a-3.html - Created article about Web Development Trends 2024
[2024-12-15 10:30:00] /a-4.html - Created article about Cybersecurity Innovations
[2024-12-15 10:30:00] /a-5.html - Created article about Data Science Revolution
[2024-12-15 10:30:00] /img/ - Created image directory with placeholder files
[2024-12-15 10:30:00] /logs/ - Created logs directory for tracking changes
[2024-12-15 10:30:00] /prompt/ - Created prompt directory for storing user prompts
[2024-12-15 11:45:00] /hp-1.html - Updated to use actual images from img directory (image (7).png through image (11).png)
[2024-12-15 11:45:00] /hp-2.html - Updated to use actual images from img directory (image (7).png through image (11).png)
[2024-12-15 11:45:00] /a-1.html - Updated article image to use image (7).png with overlay
[2024-12-15 11:45:00] /a-2.html - Updated article image to use image (8).png with overlay
[2024-12-15 11:45:00] /a-3.html - Updated article image to use image (9).png with overlay
[2024-12-15 11:45:00] /a-4.html - Updated article image to use image (10).png with overlay
[2024-12-15 11:45:00] /a-5.html - Updated article image to use image (11).png with overlay
[2024-12-15 12:00:00] /a-1.html - Added cross-references to all other article pages (a-2, a-3, a-4, a-5)
[2024-12-15 12:00:00] /a-2.html - Added cross-references to all other article pages (a-1, a-3, a-4, a-5)
[2024-12-15 12:00:00] /a-3.html - Added cross-references to all other article pages (a-1, a-2, a-4, a-5)
[2024-12-15 12:00:00] /a-4.html - Added cross-references to all other article pages (a-1, a-2, a-3, a-5)
[2024-12-15 12:00:00] /a-5.html - Added cross-references to all other article pages (a-1, a-2, a-3, a-4) 